<?xml version="1.0" encoding="UTF-8"?>
<!-- Generated by org.testng.reporters.JUnitXMLReporter -->
<testsuite ignored="0" hostname="FFE-Vemula-Harika" failures="0" tests="2" name="Test-Runner-chrome" time="8.921" errors="0" timestamp="2025-08-20T12:38:11 IST">
  <testcase classname="ninzaCRM.Campaigns.CampaignTest" name="SampleTest" time="0.011"/>
  <testcase classname="ninzaCRM.Campaigns.CampaignTest" name="TC_E2F_05_createCampaignTest" time="0.0">
    <skipped/>
  </testcase> <!-- TC_E2F_05_createCampaignTest -->
</testsuite> <!-- Test-Runner-chrome -->
