<?xml version="1.0" encoding="UTF-8"?>
<!-- Generated by org.testng.reporters.JUnitReportReporter -->
<testsuite hostname="FFE-Vemula-Harika" failures="0" tests="1" name="ninzaCRM.createContact" time="10.646" errors="0" timestamp="2025-08-14T10:38:58 IST" skipped="0">
  <testcase classname="ninzaCRM.createContact" name="sampleTest" time="10.646"/>
</testsuite> <!-- ninzaCRM.createContact -->
