<?xml version="1.0" encoding="UTF-8"?>
<!-- Generated by org.testng.reporters.JUnitReportReporter -->
<testsuite hostname="FFE-Vemula-Harika" failures="0" tests="1" name="ninzaCRM.createContactTest" time="10.525" errors="0" timestamp="2025-08-14T10:39:57 IST" skipped="0">
  <testcase classname="ninzaCRM.createContactTest" name="sampleTest" time="10.525"/>
</testsuite> <!-- ninzaCRM.createContactTest -->
