<?xml version="1.0" encoding="UTF-8"?>
<!-- Generated by org.testng.reporters.JUnitReportReporter -->
<testsuite hostname="FFE-Vemula-Harika" failures="0" tests="8" name="Practice.TestNGPractice" time="0.021" errors="0" timestamp="2025-08-18T11:42:21 IST" skipped="0">
  <testcase classname="Practice.TestNGPractice" name="create" time="0.010"/>
  <testcase classname="Practice.TestNGPractice" name="create" time="0.002"/>
  <testcase classname="Practice.TestNGPractice" name="create" time="0.002"/>
  <testcase classname="Practice.TestNGPractice" name="create" time="0.001"/>
  <testcase classname="Practice.TestNGPractice" name="create" time="0.001"/>
  <testcase classname="Practice.TestNGPractice" name="create" time="0.001"/>
  <testcase classname="Practice.TestNGPractice" name="update" time="0.003"/>
  <testcase classname="Practice.TestNGPractice" name="delete" time="0.001"/>
</testsuite> <!-- Practice.TestNGPractice -->
