<?xml version="1.0" encoding="UTF-8"?>
<!-- Generated by org.testng.reporters.JUnitReportReporter -->
<testsuite hostname="FFE-Vemula-Harika" failures="0" tests="1" name="Practice.ReadDataFromCmdLineTest" time="0.011" errors="0" timestamp="2025-08-22T13:04:25 IST" skipped="0">
  <testcase classname="Practice.ReadDataFromCmdLineTest" name="readData" time="0.011"/>
</testsuite> <!-- Practice.ReadDataFromCmdLineTest -->
